<?xml version="1.0" encoding="UTF-8"?>
<!-- Generated by org.testng.reporters.JUnitReportReporter -->
<testsuite hostname="TRNHUBIND8LT004" failures="0" tests="1" name="SampleProj.Bing_Test" time="5.437" errors="0" timestamp="17 Oct 2022 04:41:52 GMT">
  <testcase classname="SampleProj.Bing_Test" name="setUp" time="5.437"/>
</testsuite> <!-- SampleProj.Bing_Test -->
